2025-11-12 12:31:00 | WARN | repo=course-sys-int-systems | action=edit | files=2
2025-06-16 09:34:00 | DEBUG | repo=course-sys-int-systems | action=commit
2025-12-20 17:53:00 | WARN | repo=course-sys-int-systems | action=commit
2025-10-12 19:40:00 | DEBUG | repo=course-sys-int-systems | action=commit
2025-01-11 18:08:00 | WARN | repo=course-sys-int-systems | action=pull
2025-03-21 17:53:00 | WARN | repo=course-sys-int-systems | action=edit | files=4
2025-01-12 08:09:00 | INFO | repo=course-sys-int-systems | action=commit
2025-09-18 12:38:00 | WARN | repo=course-sys-int-systems | action=commit
2025-11-11 21:13:00 | DEBUG | repo=course-sys-int-systems | action=commit
2025-06-06 18:59:00 | INFO | repo=course-sys-int-systems | action=commit
2025-01-16 08:36:00 | INFO | repo=course-sys-int-systems | action=commit
2025-10-25 10:59:00 | INFO | repo=course-sys-int-systems | action=pull
2025-10-03 07:24:00 | WARN | repo=course-sys-int-systems | action=commit
2025-07-14 16:24:00 | INFO | repo=course-sys-int-systems | action=commit
2025-05-06 10:40:00 | WARN | repo=course-sys-int-systems | action=commit
2025-11-09 14:37:00 | DEBUG | repo=course-sys-int-systems | action=commit
2025-05-12 17:00:00 | DEBUG | repo=course-sys-int-systems | action=commit
2025-04-06 07:31:00 | DEBUG | repo=course-sys-int-systems | action=commit
2025-04-10 13:10:00 | WARN | repo=course-sys-int-systems | action=commit
2025-01-25 18:35:00 | INFO | repo=course-sys-int-systems | action=commit
2025-07-08 18:49:00 | DEBUG | repo=course-sys-int-systems | action=commit
2025-10-20 16:05:00 | DEBUG | repo=course-sys-int-systems | action=commit
2025-12-26 21:00:00 | DEBUG | repo=course-sys-int-systems | action=commit
2025-05-08 18:28:00 | WARN | repo=course-sys-int-systems | action=commit
